<?xml version="1.0" encoding="UTF-8"?>
<!-- Generated by org.testng.reporters.JUnitXMLReporter -->
<testsuite ignored="0" hostname="LAPTOP-A9933G39" failures="1" tests="1" name="TestParameterFromXMl2 Test" time="0.012" errors="0" timestamp="2021-09-12T15:34:26 IST">
  <testcase classname="com.qa.testcases.TestParameterFromXML" name="getBrowser" time="0.008">
    <failure type="java.lang.IllegalStateException" message="The driver executable does not exist: D:\Eclipse_Workspace_2021_03\ParallelTesting\value">
      <![CDATA[java.lang.IllegalStateException: The driver executable does not exist: D:\Eclipse_Workspace_2021_03\ParallelTesting\value
at com.google.common.base.Preconditions.checkState(Preconditions.java:589)
at org.openqa.selenium.remote.service.DriverService.checkExecutable(DriverService.java:146)
at org.openqa.selenium.remote.service.DriverService.findExecutable(DriverService.java:141)
at org.openqa.selenium.chrome.ChromeDriverService.access$000(ChromeDriverService.java:35)
at org.openqa.selenium.chrome.ChromeDriverService$Builder.findDefaultExecutable(ChromeDriverService.java:159)
at org.openqa.selenium.remote.service.DriverService$Builder.build(DriverService.java:355)
at org.openqa.selenium.chrome.ChromeDriverService.createDefaultService(ChromeDriverService.java:94)
at org.openqa.selenium.chrome.ChromeDriver.<init>(ChromeDriver.java:123)
at com.qa.testcases.TestParameterFromXML.getBrowser(TestParameterFromXML.java:16)
at java.base/java.util.ArrayList.forEach(ArrayList.java:1511)
... Removed 27 stack frames]]>
    </failure>
  </testcase> <!-- getBrowser -->
</testsuite> <!-- TestParameterFromXMl2 Test -->
