<?xml version="1.0" encoding="UTF-8"?>
<!-- Generated by org.testng.reporters.JUnitXMLReporter -->
<testsuite ignored="0" hostname="LAPTOP-A9933G39" failures="1" tests="1" name="Validate Title Test" time="0.01" errors="0" timestamp="2021-09-12T15:08:49 IST">
  <testcase classname="com.qa.testcases.TestCase2" name="validateTitle" time="0.005">
    <failure type="java.lang.AssertionError" message="The following asserts failed:
	expected [Google.com] but found [Google],
	expected [true] but found [false],
	img is not present expected [true] but found [false],
	text is not present expected [true] but found [false]">
      <![CDATA[java.lang.AssertionError: The following asserts failed:
expected [Google.com] but found [Google],
expected [true] but found [false],
img is not present expected [true] but found [false],
text is not present expected [true] but found [false]
at com.qa.testcases.TestCase2.validateTitle(TestCase2.java:49)
at java.base/java.util.ArrayList.forEach(ArrayList.java:1511)
... Removed 29 stack frames]]>
    </failure>
  </testcase> <!-- validateTitle -->
</testsuite> <!-- Validate Title Test -->
